<?xml version="1.0" encoding="UTF-8"?>
<!-- Generated by org.testng.reporters.JUnitXMLReporter -->
<testsuite hostname="DESKTOP-DVEOUHU" name="Test" tests="2" failures="1" timestamp="18 Jun 2019 05:46:24 GMT" time="52.332" errors="0">
  <testcase name="LoginPageTestCases" time="39.689" classname="PageTestCases.LoginPage_TestCases">
    <failure type="java.lang.AssertionError" message="expected [Insurance Broker System] but found [Insurance Broker System - Login]">
      <![CDATA[java.lang.AssertionError: expected [Insurance Broker System] but found [Insurance Broker System - Login]
	at PageOperations.LoginPageOperations.compareTitle(LoginPageOperations.java:100)
	at PageTestCases.LoginPage_TestCases.LoginPageTestCases(LoginPage_TestCases.java:19)
... Removed 29 stack frames]]>
    </failure>
  </testcase> <!-- LoginPageTestCases -->
  <testcase name="HomePage_TestCases" time="8.623" classname="PageTestCases.HomePageTestCases"/>
</testsuite> <!-- Test -->
