<?xml version="1.0" encoding="UTF-8"?>
<testng-results skipped="0" failed="0" ignored="0" total="2" passed="2">
  <reporter-output>
  </reporter-output>
  <suite name="Suite" duration-ms="13581" started-at="2019-06-06T11:56:35Z" finished-at="2019-06-06T11:56:48Z">
    <groups>
    </groups>
    <test name="Test" duration-ms="13581" started-at="2019-06-06T11:56:35Z" finished-at="2019-06-06T11:56:48Z">
      <class name="PageTestCases.HomePageTestCases">
        <test-method status="PASS" signature="HomePage_TestCases()[pri:0, instance:PageTestCases.HomePageTestCases@71be98f5]" name="HomePage_TestCases" duration-ms="4404" started-at="2019-06-06T17:26:44Z" finished-at="2019-06-06T17:26:48Z">
          <reporter-output>
          </reporter-output>
        </test-method> <!-- HomePage_TestCases -->
      </class> <!-- PageTestCases.HomePageTestCases -->
      <class name="PageTestCases.LoginPage_TestCases">
        <test-method status="PASS" signature="LoginPageTestCases()[pri:0, instance:PageTestCases.LoginPage_TestCases@3d24753a]" name="LoginPageTestCases" duration-ms="9161" started-at="2019-06-06T17:26:35Z" finished-at="2019-06-06T17:26:44Z">
          <reporter-output>
          </reporter-output>
        </test-method> <!-- LoginPageTestCases -->
      </class> <!-- PageTestCases.LoginPage_TestCases -->
    </test> <!-- Test -->
  </suite> <!-- Suite -->
</testng-results>
