<?xml version="1.0" encoding="UTF-8"?>
<testng-results skipped="0" failed="1" total="2" passed="1">
  <reporter-output>
  </reporter-output>
  <suite name="Suite" duration-ms="19988" started-at="2019-06-21T12:31:15Z" finished-at="2019-06-21T12:31:35Z">
    <groups>
    </groups>
    <test name="Test" duration-ms="19988" started-at="2019-06-21T12:31:15Z" finished-at="2019-06-21T12:31:35Z">
      <class name="PageTestCases.HomePageTestCases">
        <test-method status="PASS" signature="HomePage_TestCases()[pri:0, instance:PageTestCases.HomePageTestCases@1d251891]" name="HomePage_TestCases" duration-ms="5707" started-at="2019-06-21T18:01:30Z" finished-at="2019-06-21T18:01:35Z">
          <reporter-output>
          </reporter-output>
        </test-method> <!-- HomePage_TestCases -->
        <test-method status="PASS" signature="getResult(org.testng.ITestResult)[pri:0, instance:PageTestCases.HomePageTestCases@1d251891]" name="getResult" is-config="true" duration-ms="0" started-at="2019-06-21T18:01:35Z" finished-at="2019-06-21T18:01:35Z">
          <params>
            <param index="0">
              <value>
                <![CDATA[[TestResult name=HomePage_TestCases status=SUCCESS method=HomePageTestCases.HomePage_TestCases()[pri:0, instance:PageTestCases.HomePageTestCases@1d251891] output={null}]]]>
              </value>
            </param>
          </params>
          <reporter-output>
          </reporter-output>
        </test-method> <!-- getResult -->
      </class> <!-- PageTestCases.HomePageTestCases -->
      <class name="PageTestCases.LoginPage_TestCases">
        <test-method status="PASS" signature="startReport()[pri:0, instance:PageTestCases.LoginPage_TestCases@56cbfb61]" name="startReport" is-config="true" duration-ms="259" started-at="2019-06-21T18:01:15Z" finished-at="2019-06-21T18:01:16Z">
          <reporter-output>
          </reporter-output>
        </test-method> <!-- startReport -->
        <test-method status="FAIL" signature="LoginPageTestCases()[pri:0, instance:PageTestCases.LoginPage_TestCases@56cbfb61]" name="LoginPageTestCases" duration-ms="13780" started-at="2019-06-21T18:01:16Z" finished-at="2019-06-21T18:01:30Z">
          <exception class="java.lang.AssertionError">
            <message>
              <![CDATA[expected [Insurance Broker System] but found [Insurance Broker System - Login]]]>
            </message>
            <full-stacktrace>
              <![CDATA[java.lang.AssertionError: expected [Insurance Broker System] but found [Insurance Broker System - Login]
	at org.testng.Assert.fail(Assert.java:94)
	at org.testng.Assert.failNotEquals(Assert.java:496)
	at org.testng.Assert.assertEquals(Assert.java:125)
	at org.testng.Assert.assertEquals(Assert.java:178)
	at org.testng.Assert.assertEquals(Assert.java:188)
	at PageOperations.LoginPageOperations.compareTitle(LoginPageOperations.java:99)
	at PageTestCases.LoginPage_TestCases.LoginPageTestCases(LoginPage_TestCases.java:19)
	at sun.reflect.NativeMethodAccessorImpl.invoke0(Native Method)
	at sun.reflect.NativeMethodAccessorImpl.invoke(NativeMethodAccessorImpl.java:62)
	at sun.reflect.DelegatingMethodAccessorImpl.invoke(DelegatingMethodAccessorImpl.java:43)
	at java.lang.reflect.Method.invoke(Method.java:498)
	at org.testng.internal.MethodInvocationHelper.invokeMethod(MethodInvocationHelper.java:85)
	at org.testng.internal.Invoker.invokeMethod(Invoker.java:663)
	at org.testng.internal.Invoker.invokeTestMethod(Invoker.java:849)
	at org.testng.internal.Invoker.invokeTestMethods(Invoker.java:1157)
	at org.testng.internal.TestMethodWorker.invokeTestMethods(TestMethodWorker.java:124)
	at org.testng.internal.TestMethodWorker.run(TestMethodWorker.java:108)
	at org.testng.TestRunner.privateRun(TestRunner.java:771)
	at org.testng.TestRunner.run(TestRunner.java:621)
	at org.testng.SuiteRunner.runTest(SuiteRunner.java:357)
	at org.testng.SuiteRunner.runSequentially(SuiteRunner.java:352)
	at org.testng.SuiteRunner.privateRun(SuiteRunner.java:310)
	at org.testng.SuiteRunner.run(SuiteRunner.java:259)
	at org.testng.SuiteRunnerWorker.runSuite(SuiteRunnerWorker.java:52)
	at org.testng.SuiteRunnerWorker.run(SuiteRunnerWorker.java:86)
	at org.testng.TestNG.runSuitesSequentially(TestNG.java:1200)
	at org.testng.TestNG.runSuitesLocally(TestNG.java:1125)
	at org.testng.TestNG.run(TestNG.java:1033)
	at org.testng.remote.RemoteTestNG.run(RemoteTestNG.java:111)
	at org.testng.remote.RemoteTestNG.initAndRun(RemoteTestNG.java:204)
	at org.testng.remote.RemoteTestNG.main(RemoteTestNG.java:175)
]]>
            </full-stacktrace>
          </exception> <!-- java.lang.AssertionError -->
          <reporter-output>
          </reporter-output>
        </test-method> <!-- LoginPageTestCases -->
        <test-method status="PASS" signature="getResult(org.testng.ITestResult)[pri:0, instance:PageTestCases.LoginPage_TestCases@56cbfb61]" name="getResult" is-config="true" duration-ms="7" started-at="2019-06-21T18:01:30Z" finished-at="2019-06-21T18:01:30Z">
          <params>
            <param index="0">
              <value>
                <![CDATA[[TestResult name=LoginPageTestCases status=FAILURE method=LoginPage_TestCases.LoginPageTestCases()[pri:0, instance:PageTestCases.LoginPage_TestCases@56cbfb61] output={null}]]]>
              </value>
            </param>
          </params>
          <reporter-output>
          </reporter-output>
        </test-method> <!-- getResult -->
        <test-method status="PASS" signature="endReport()[pri:0, instance:PageTestCases.LoginPage_TestCases@56cbfb61]" name="endReport" is-config="true" duration-ms="220" started-at="2019-06-21T18:01:35Z" finished-at="2019-06-21T18:01:35Z">
          <reporter-output>
          </reporter-output>
        </test-method> <!-- endReport -->
      </class> <!-- PageTestCases.LoginPage_TestCases -->
    </test> <!-- Test -->
  </suite> <!-- Suite -->
</testng-results>
